# JRE version: OpenJDK Runtime Environment Temurin-17.0.11+9 (17.0.11+9) (build 17.0.11+9)
# Java VM: OpenJDK 64-Bit Server VM Temurin-17.0.11+9 (17.0.11+9, mixed mode, tiered, compressed oops, compressed class ptrs, parallel gc, windows-amd64)
GC Precious Log:
 CPUs: 8 total, 8 available
 Memory: 8083M
 Large Page Support: Disabled
 NUMA Support: Disabled
 Compressed Oops: Enabled (32-bit)
 Alignments: Space 512K, Generation 512K, Heap 2M
 Heap Min Capacity: 100M
 Heap Initial Capacity: 100M
 Heap Max Capacity: 1G
 Pre-touch: Disabled
 Parallel Workers: 8
Heap:
 PSYoungGen      total 3072K, used 3066K [0x00000000eab00000, 0x00000000ebc00000, 0x0000000100000000)
  eden space 1024K, 100% used [0x00000000eab00000,0x00000000eac00000,0x00000000eac00000)
  from space 2048K, 99% used [0x00000000eb200000,0x00000000eb3fe9b0,0x00000000eb400000)
  to   space 6144K, 15% used [0x00000000eac00000,0x00000000eace8000,0x00000000eb200000)
 ParOldGen       total 144896K, used 141196K [0x00000000c0000000, 0x00000000c8d80000, 0x00000000eab00000)
  object space 144896K, 97% used [0x00000000c0000000,0x00000000c89e32f0,0x00000000c8d80000)
 Metaspace       used 107628K, committed 108928K, reserved 1179648K
  class space    used 10405K, committed 10944K, reserved 1048576K
GC Heap History (20 events):
Event: 376173.160 GC heap after
{Heap after GC invocations=43999 (full 1282):
 PSYoungGen      total 5120K, used 672K [0x00000000eab00000, 0x00000000eb500000, 0x0000000100000000)
  eden space 4096K, 0% used [0x00000000eab00000,0x00000000eab00000,0x00000000eaf00000)
  from space 1024K, 65% used [0x00000000eaf00000,0x00000000eafa8000,0x00000000eb000000)
  to   space 2560K, 0% used [0x00000000eb280000,0x00000000eb280000,0x00000000eb500000)
 ParOldGen       total 144896K, used 122910K [0x00000000c0000000, 0x00000000c8d80000, 0x00000000eab00000)
  object space 144896K, 84% used [0x00000000c0000000,0x00000000c7807be0,0x00000000c8d80000)
 Metaspace       used 107627K, committed 108928K, reserved 1179648K
  class space    used 10405K, committed 10944K, reserved 1048576K
}
Event: 376173.167 GC heap before
{Heap before GC invocations=44000 (full 1282):
 PSYoungGen      total 5120K, used 4768K [0x00000000eab00000, 0x00000000eb500000, 0x0000000100000000)
  eden space 4096K, 100% used [0x00000000eab00000,0x00000000eaf00000,0x00000000eaf00000)
  from space 1024K, 65% used [0x00000000eaf00000,0x00000000eafa8000,0x00000000eb000000)
  to   space 2560K, 0% used [0x00000000eb280000,0x00000000eb280000,0x00000000eb500000)
 ParOldGen       total 144896K, used 122910K [0x00000000c0000000, 0x00000000c8d80000, 0x00000000eab00000)
  object space 144896K, 84% used [0x00000000c0000000,0x00000000c7807be0,0x00000000c8d80000)
 Metaspace       used 107627K, committed 108928K, reserved 1179648K
  class space    used 10405K, committed 10944K, reserved 1048576K
}
Event: 376173.170 GC heap after
{Heap after GC invocations=44000 (full 1282):
 PSYoungGen      total 6656K, used 1472K [0x00000000eab00000, 0x00000000eb400000, 0x0000000100000000)
  eden space 5120K, 0% used [0x00000000eab00000,0x00000000eab00000,0x00000000eb000000)
  from space 1536K, 95% used [0x00000000eb280000,0x00000000eb3f0000,0x00000000eb400000)
  to   space 2048K, 0% used [0x00000000eb000000,0x00000000eb000000,0x00000000eb200000)
 ParOldGen       total 144896K, used 123473K [0x00000000c0000000, 0x00000000c8d80000, 0x00000000eab00000)
  object space 144896K, 85% used [0x00000000c0000000,0x00000000c78944e0,0x00000000c8d80000)
 Metaspace       used 107627K, committed 108928K, reserved 1179648K
  class space    used 10405K, committed 10944K, reserved 1048576K
}
Event: 376173.913 GC heap before
{Heap before GC invocations=44001 (full 1282):
 PSYoungGen      total 6656K, used 6592K [0x00000000eab00000, 0x00000000eb400000, 0x0000000100000000)
  eden space 5120K, 100% used [0x00000000eab00000,0x00000000eb000000,0x00000000eb000000)
  from space 1536K, 95% used [0x00000000eb280000,0x00000000eb3f0000,0x00000000eb400000)
  to   space 2048K, 0% used [0x00000000eb000000,0x00000000eb000000,0x00000000eb200000)
 ParOldGen       total 144896K, used 123473K [0x00000000c0000000, 0x00000000c8d80000, 0x00000000eab00000)
  object space 144896K, 85% used [0x00000000c0000000,0x00000000c78944e0,0x00000000c8d80000)
 Metaspace       used 107628K, committed 108928K, reserved 1179648K
  class space    used 10405K, committed 10944K, reserved 1048576K
}
Event: 376173.914 GC heap after
{Heap after GC invocations=44001 (full 1282):
 PSYoungGen      total 7168K, used 560K [0x00000000eab00000, 0x00000000eb300000, 0x0000000100000000)
  eden space 5120K, 0% used [0x00000000eab00000,0x00000000eab00000,0x00000000eb000000)
  from space 2048K, 27% used [0x00000000eb000000,0x00000000eb08c010,0x00000000eb200000)
  to   space 1024K, 0% used [0x00000000eb200000,0x00000000eb200000,0x00000000eb300000)
 ParOldGen       total 144896K, used 123513K [0x00000000c0000000, 0x00000000c8d80000, 0x00000000eab00000)
  object space 144896K, 85% used [0x00000000c0000000,0x00000000c789e4e0,0x00000000c8d80000)
 Metaspace       used 107628K, committed 108928K, reserved 1179648K
  class space    used 10405K, committed 10944K, reserved 1048576K
}
Event: 376174.145 GC heap before
{Heap before GC invocations=44002 (full 1282):
 PSYoungGen      total 7168K, used 5680K [0x00000000eab00000, 0x00000000eb300000, 0x0000000100000000)
  eden space 5120K, 100% used [0x00000000eab00000,0x00000000eb000000,0x00000000eb000000)
  from space 2048K, 27% used [0x00000000eb000000,0x00000000eb08c010,0x00000000eb200000)
  to   space 1024K, 0% used [0x00000000eb200000,0x00000000eb200000,0x00000000eb300000)
 ParOldGen       total 144896K, used 123513K [0x00000000c0000000, 0x00000000c8d80000, 0x00000000eab00000)
  object space 144896K, 85% used [0x00000000c0000000,0x00000000c789e4e0,0x00000000c8d80000)
 Metaspace       used 107628K, committed 108928K, reserved 1179648K
  class space    used 10405K, committed 10944K, reserved 1048576K
}
Event: 376174.147 GC heap after
{Heap after GC invocations=44002 (full 1282):
 PSYoungGen      total 3584K, used 1014K [0x00000000eab00000, 0x00000000eb900000, 0x0000000100000000)
  eden space 2560K, 0% used [0x00000000eab00000,0x00000000eab00000,0x00000000ead80000)
  from space 1024K, 99% used [0x00000000eb200000,0x00000000eb2fda40,0x00000000eb300000)
  to   space 4608K, 0% used [0x00000000ead80000,0x00000000ead80000,0x00000000eb200000)
 ParOldGen       total 144896K, used 126387K [0x00000000c0000000, 0x00000000c8d80000, 0x00000000eab00000)
  object space 144896K, 87% used [0x00000000c0000000,0x00000000c7b6ce00,0x00000000c8d80000)
 Metaspace       used 107628K, committed 108928K, reserved 1179648K
  class space    used 10405K, committed 10944K, reserved 1048576K
}
Event: 376174.151 GC heap before
{Heap before GC invocations=44003 (full 1282):
 PSYoungGen      total 3584K, used 3574K [0x00000000eab00000, 0x00000000eb900000, 0x0000000100000000)
  eden space 2560K, 100% used [0x00000000eab00000,0x00000000ead80000,0x00000000ead80000)
  from space 1024K, 99% used [0x00000000eb200000,0x00000000eb2fda40,0x00000000eb300000)
  to   space 4608K, 0% used [0x00000000ead80000,0x00000000ead80000,0x00000000eb200000)
 ParOldGen       total 144896K, used 126387K [0x00000000c0000000, 0x00000000c8d80000, 0x00000000eab00000)
  object space 144896K, 87% used [0x00000000c0000000,0x00000000c7b6ce00,0x00000000c8d80000)
 Metaspace       used 107628K, committed 108928K, reserved 1179648K
  class space    used 10405K, committed 10944K, reserved 1048576K
}
Event: 376174.153 GC heap after
{Heap after GC invocations=44003 (full 1282):
 PSYoungGen      total 5120K, used 2522K [0x00000000eab00000, 0x00000000eb400000, 0x0000000100000000)
  eden space 2560K, 0% used [0x00000000eab00000,0x00000000eab00000,0x00000000ead80000)
  from space 2560K, 98% used [0x00000000ead80000,0x00000000eaff69b0,0x00000000eb000000)
  to   space 3072K, 0% used [0x00000000eb100000,0x00000000eb100000,0x00000000eb400000)
 ParOldGen       total 144896K, used 127446K [0x00000000c0000000, 0x00000000c8d80000, 0x00000000eab00000)
  object space 144896K, 87% used [0x00000000c0000000,0x00000000c7c75a50,0x00000000c8d80000)
 Metaspace       used 107628K, committed 108928K, reserved 1179648K
  class space    used 10405K, committed 10944K, reserved 1048576K
}
Event: 376174.159 GC heap before
{Heap before GC invocations=44004 (full 1282):
 PSYoungGen      total 5120K, used 5082K [0x00000000eab00000, 0x00000000eb400000, 0x0000000100000000)
  eden space 2560K, 100% used [0x00000000eab00000,0x00000000ead80000,0x00000000ead80000)
  from space 2560K, 98% used [0x00000000ead80000,0x00000000eaff69b0,0x00000000eb000000)
  to   space 3072K, 0% used [0x00000000eb100000,0x00000000eb100000,0x00000000eb400000)
 ParOldGen       total 144896K, used 127446K [0x00000000c0000000, 0x00000000c8d80000, 0x00000000eab00000)
  object space 144896K, 87% used [0x00000000c0000000,0x00000000c7c75a50,0x00000000c8d80000)
 Metaspace       used 107628K, committed 108928K, reserved 1179648K
  class space    used 10405K, committed 10944K, reserved 1048576K
}
Event: 376174.161 GC heap after
{Heap after GC invocations=44004 (full 1282):
 PSYoungGen      total 6144K, used 2656K [0x00000000eab00000, 0x00000000eb400000, 0x0000000100000000)
  eden space 3072K, 0% used [0x00000000eab00000,0x00000000eab00000,0x00000000eae00000)
  from space 3072K, 86% used [0x00000000eb100000,0x00000000eb398000,0x00000000eb400000)
  to   space 3072K, 0% used [0x00000000eae00000,0x00000000eae00000,0x00000000eb100000)
 ParOldGen       total 144896K, used 129961K [0x00000000c0000000, 0x00000000c8d80000, 0x00000000eab00000)
  object space 144896K, 89% used [0x00000000c0000000,0x00000000c7eea400,0x00000000c8d80000)
 Metaspace       used 107628K, committed 108928K, reserved 1179648K
  class space    used 10405K, committed 10944K, reserved 1048576K
}
Event: 376174.168 GC heap before
{Heap before GC invocations=44005 (full 1282):
 PSYoungGen      total 6144K, used 5728K [0x00000000eab00000, 0x00000000eb400000, 0x0000000100000000)
  eden space 3072K, 100% used [0x00000000eab00000,0x00000000eae00000,0x00000000eae00000)
  from space 3072K, 86% used [0x00000000eb100000,0x00000000eb398000,0x00000000eb400000)
  to   space 3072K, 0% used [0x00000000eae00000,0x00000000eae00000,0x00000000eb100000)
 ParOldGen       total 144896K, used 129961K [0x00000000c0000000, 0x00000000c8d80000, 0x00000000eab00000)
  object space 144896K, 89% used [0x00000000c0000000,0x00000000c7eea400,0x00000000c8d80000)
 Metaspace       used 107628K, committed 108928K, reserved 1179648K
  class space    used 10405K, committed 10944K, reserved 1048576K
}
Event: 376174.171 GC heap after
{Heap after GC invocations=44005 (full 1282):
 PSYoungGen      total 6144K, used 2272K [0x00000000eab00000, 0x00000000eb400000, 0x0000000100000000)
  eden space 3072K, 0% used [0x00000000eab00000,0x00000000eab00000,0x00000000eae00000)
  from space 3072K, 73% used [0x00000000eae00000,0x00000000eb038000,0x00000000eb100000)
  to   space 2560K, 0% used [0x00000000eb180000,0x00000000eb180000,0x00000000eb400000)
 ParOldGen       total 144896K, used 132521K [0x00000000c0000000, 0x00000000c8d80000, 0x00000000eab00000)
  object space 144896K, 91% used [0x00000000c0000000,0x00000000c816a400,0x00000000c8d80000)
 Metaspace       used 107628K, committed 108928K, reserved 1179648K
  class space    used 10405K, committed 10944K, reserved 1048576K
}
Event: 376174.178 GC heap before
{Heap before GC invocations=44006 (full 1282):
 PSYoungGen      total 6144K, used 5344K [0x00000000eab00000, 0x00000000eb400000, 0x0000000100000000)
  eden space 3072K, 100% used [0x00000000eab00000,0x00000000eae00000,0x00000000eae00000)
  from space 3072K, 73% used [0x00000000eae00000,0x00000000eb038000,0x00000000eb100000)
  to   space 2560K, 0% used [0x00000000eb180000,0x00000000eb180000,0x00000000eb400000)
 ParOldGen       total 144896K, used 132521K [0x00000000c0000000, 0x00000000c8d80000, 0x00000000eab00000)
  object space 144896K, 91% used [0x00000000c0000000,0x00000000c816a400,0x00000000c8d80000)
 Metaspace       used 107628K, committed 108928K, reserved 1179648K
  class space    used 10405K, committed 10944K, reserved 1048576K
}
Event: 376174.180 GC heap after
{Heap after GC invocations=44006 (full 1282):
 PSYoungGen      total 5632K, used 1280K [0x00000000eab00000, 0x00000000eb300000, 0x0000000100000000)
  eden space 4096K, 0% used [0x00000000eab00000,0x00000000eab00000,0x00000000eaf00000)
  from space 1536K, 83% used [0x00000000eb180000,0x00000000eb2c0000,0x00000000eb300000)
  to   space 2048K, 0% used [0x00000000eaf00000,0x00000000eaf00000,0x00000000eb100000)
 ParOldGen       total 144896K, used 134647K [0x00000000c0000000, 0x00000000c8d80000, 0x00000000eab00000)
  object space 144896K, 92% used [0x00000000c0000000,0x00000000c837dd10,0x00000000c8d80000)
 Metaspace       used 107628K, committed 108928K, reserved 1179648K
  class space    used 10405K, committed 10944K, reserved 1048576K
}
Event: 376174.191 GC heap before
{Heap before GC invocations=44007 (full 1282):
 PSYoungGen      total 5632K, used 5376K [0x00000000eab00000, 0x00000000eb300000, 0x0000000100000000)
  eden space 4096K, 100% used [0x00000000eab00000,0x00000000eaf00000,0x00000000eaf00000)
  from space 1536K, 83% used [0x00000000eb180000,0x00000000eb2c0000,0x00000000eb300000)
  to   space 2048K, 0% used [0x00000000eaf00000,0x00000000eaf00000,0x00000000eb100000)
 ParOldGen       total 144896K, used 134647K [0x00000000c0000000, 0x00000000c8d80000, 0x00000000eab00000)
  object space 144896K, 92% used [0x00000000c0000000,0x00000000c837dd10,0x00000000c8d80000)
 Metaspace       used 107628K, committed 108928K, reserved 1179648K
  class space    used 10405K, committed 10944K, reserved 1048576K
}
Event: 376174.193 GC heap after
{Heap after GC invocations=44007 (full 1282):
 PSYoungGen      total 6144K, used 1558K [0x00000000eab00000, 0x00000000eb400000, 0x0000000100000000)
  eden space 4096K, 0% used [0x00000000eab00000,0x00000000eab00000,0x00000000eaf00000)
  from space 2048K, 76% used [0x00000000eaf00000,0x00000000eb085a20,0x00000000eb100000)
  to   space 2048K, 0% used [0x00000000eb200000,0x00000000eb200000,0x00000000eb400000)
 ParOldGen       total 144896K, used 135799K [0x00000000c0000000, 0x00000000c8d80000, 0x00000000eab00000)
  object space 144896K, 93% used [0x00000000c0000000,0x00000000c849dd10,0x00000000c8d80000)
 Metaspace       used 107628K, committed 108928K, reserved 1179648K
  class space    used 10405K, committed 10944K, reserved 1048576K
}
Event: 376174.200 GC heap before
{Heap before GC invocations=44008 (full 1282):
 PSYoungGen      total 6144K, used 5654K [0x00000000eab00000, 0x00000000eb400000, 0x0000000100000000)
  eden space 4096K, 100% used [0x00000000eab00000,0x00000000eaf00000,0x00000000eaf00000)
  from space 2048K, 76% used [0x00000000eaf00000,0x00000000eb085a20,0x00000000eb100000)
  to   space 2048K, 0% used [0x00000000eb200000,0x00000000eb200000,0x00000000eb400000)
 ParOldGen       total 144896K, used 135799K [0x00000000c0000000, 0x00000000c8d80000, 0x00000000eab00000)
  object space 144896K, 93% used [0x00000000c0000000,0x00000000c849dd10,0x00000000c8d80000)
 Metaspace       used 107628K, committed 108928K, reserved 1179648K
  class space    used 10405K, committed 10944K, reserved 1048576K
}
Event: 376174.204 GC heap after
{Heap after GC invocations=44008 (full 1282):
 PSYoungGen      total 3072K, used 2042K [0x00000000eab00000, 0x00000000ebc00000, 0x0000000100000000)
  eden space 1024K, 0% used [0x00000000eab00000,0x00000000eab00000,0x00000000eac00000)
  from space 2048K, 99% used [0x00000000eb200000,0x00000000eb3fe9b0,0x00000000eb400000)
  to   space 6144K, 0% used [0x00000000eac00000,0x00000000eac00000,0x00000000eb200000)
 ParOldGen       total 144896K, used 139114K [0x00000000c0000000, 0x00000000c8d80000, 0x00000000eab00000)
  object space 144896K, 96% used [0x00000000c0000000,0x00000000c87da940,0x00000000c8d80000)
 Metaspace       used 107628K, committed 108928K, reserved 1179648K
  class space    used 10405K, committed 10944K, reserved 1048576K
}
Event: 376174.207 GC heap before
{Heap before GC invocations=44009 (full 1282):
 PSYoungGen      total 3072K, used 3066K [0x00000000eab00000, 0x00000000ebc00000, 0x0000000100000000)
  eden space 1024K, 100% used [0x00000000eab00000,0x00000000eac00000,0x00000000eac00000)
  from space 2048K, 99% used [0x00000000eb200000,0x00000000eb3fe9b0,0x00000000eb400000)
  to   space 6144K, 0% used [0x00000000eac00000,0x00000000eac00000,0x00000000eb200000)
 ParOldGen       total 144896K, used 139114K [0x00000000c0000000, 0x00000000c8d80000, 0x00000000eab00000)
  object space 144896K, 96% used [0x00000000c0000000,0x00000000c87da940,0x00000000c8d80000)
 Metaspace       used 107628K, committed 108928K, reserved 1179648K
  class space    used 10405K, committed 10944K, reserved 1048576K
}

