# JRE version: OpenJDK Runtime Environment Temurin-17.0.11+9 (17.0.11+9) (build 17.0.11+9)
# Java VM: OpenJDK 64-Bit Server VM Temurin-17.0.11+9 (17.0.11+9, mixed mode, tiered, compressed oops, compressed class ptrs, parallel gc, windows-amd64)
GC Precious Log:
 CPUs: 8 total, 8 available
 Memory: 8083M
 Large Page Support: Disabled
 NUMA Support: Disabled
 Compressed Oops: Enabled (32-bit)
 Alignments: Space 512K, Generation 512K, Heap 2M
 Heap Min Capacity: 100M
 Heap Initial Capacity: 100M
 Heap Max Capacity: 1G
 Pre-touch: Disabled
 Parallel Workers: 8
Heap:
 PSYoungGen      total 3584K, used 773K [0x00000000eab00000, 0x00000000eaf00000, 0x0000000100000000)
  eden space 2560K, 21% used [0x00000000eab00000,0x00000000eab894f0,0x00000000ead80000)
  from space 1024K, 21% used [0x00000000ead80000,0x00000000eadb8000,0x00000000eae80000)
  to   space 512K, 0% used [0x00000000eae80000,0x00000000eae80000,0x00000000eaf00000)
 ParOldGen       total 80384K, used 70855K [0x00000000c0000000, 0x00000000c4e80000, 0x00000000eab00000)
  object space 80384K, 88% used [0x00000000c0000000,0x00000000c4531e88,0x00000000c4e80000)
 Metaspace       used 95118K, committed 96384K, reserved 1179648K
  class space    used 9772K, committed 10304K, reserved 1048576K
GC Heap History (20 events):
Event: 2674.334 GC heap before
{Heap before GC invocations=3364 (full 108):
 PSYoungGen      total 2560K, used 2214K [0x00000000eab00000, 0x00000000eaf00000, 0x0000000100000000)
  eden space 1536K, 100% used [0x00000000eab00000,0x00000000eac80000,0x00000000eac80000)
  from space 1024K, 66% used [0x00000000eae00000,0x00000000eaea9a30,0x00000000eaf00000)
  to   space 1024K, 0% used [0x00000000ead00000,0x00000000ead00000,0x00000000eae00000)
 ParOldGen       total 82944K, used 82216K [0x00000000c0000000, 0x00000000c5100000, 0x00000000eab00000)
  object space 82944K, 99% used [0x00000000c0000000,0x00000000c504a058,0x00000000c5100000)
 Metaspace       used 95118K, committed 96384K, reserved 1179648K
  class space    used 9772K, committed 10304K, reserved 1048576K
}
Event: 2674.335 GC heap after
{Heap after GC invocations=3364 (full 108):
 PSYoungGen      total 2560K, used 1024K [0x00000000eab00000, 0x00000000eb180000, 0x0000000100000000)
  eden space 1536K, 0% used [0x00000000eab00000,0x00000000eab00000,0x00000000eac80000)
  from space 1024K, 100% used [0x00000000ead00000,0x00000000eae00000,0x00000000eae00000)
  to   space 2560K, 0% used [0x00000000eaf00000,0x00000000eaf00000,0x00000000eb180000)
 ParOldGen       total 83456K, used 83312K [0x00000000c0000000, 0x00000000c5180000, 0x00000000eab00000)
  object space 83456K, 99% used [0x00000000c0000000,0x00000000c515c388,0x00000000c5180000)
 Metaspace       used 95118K, committed 96384K, reserved 1179648K
  class space    used 9772K, committed 10304K, reserved 1048576K
}
Event: 2674.336 GC heap before
{Heap before GC invocations=3365 (full 109):
 PSYoungGen      total 2560K, used 1024K [0x00000000eab00000, 0x00000000eb180000, 0x0000000100000000)
  eden space 1536K, 0% used [0x00000000eab00000,0x00000000eab00000,0x00000000eac80000)
  from space 1024K, 100% used [0x00000000ead00000,0x00000000eae00000,0x00000000eae00000)
  to   space 2560K, 0% used [0x00000000eaf00000,0x00000000eaf00000,0x00000000eb180000)
 ParOldGen       total 83456K, used 83312K [0x00000000c0000000, 0x00000000c5180000, 0x00000000eab00000)
  object space 83456K, 99% used [0x00000000c0000000,0x00000000c515c388,0x00000000c5180000)
 Metaspace       used 95118K, committed 96384K, reserved 1179648K
  class space    used 9772K, committed 10304K, reserved 1048576K
}
Event: 2674.424 GC heap after
{Heap after GC invocations=3365 (full 109):
 PSYoungGen      total 4096K, used 0K [0x00000000eab00000, 0x00000000eb180000, 0x0000000100000000)
  eden space 1536K, 0% used [0x00000000eab00000,0x00000000eab00000,0x00000000eac80000)
  from space 2560K, 0% used [0x00000000eaf00000,0x00000000eaf00000,0x00000000eb180000)
  to   space 2560K, 0% used [0x00000000eac80000,0x00000000eac80000,0x00000000eaf00000)
 ParOldGen       total 80384K, used 60088K [0x00000000c0000000, 0x00000000c4e80000, 0x00000000eab00000)
  object space 80384K, 74% used [0x00000000c0000000,0x00000000c3aae298,0x00000000c4e80000)
 Metaspace       used 95118K, committed 96384K, reserved 1179648K
  class space    used 9772K, committed 10304K, reserved 1048576K
}
Event: 2674.427 GC heap before
{Heap before GC invocations=3366 (full 109):
 PSYoungGen      total 4096K, used 1536K [0x00000000eab00000, 0x00000000eb180000, 0x0000000100000000)
  eden space 1536K, 100% used [0x00000000eab00000,0x00000000eac80000,0x00000000eac80000)
  from space 2560K, 0% used [0x00000000eaf00000,0x00000000eaf00000,0x00000000eb180000)
  to   space 2560K, 0% used [0x00000000eac80000,0x00000000eac80000,0x00000000eaf00000)
 ParOldGen       total 80384K, used 60088K [0x00000000c0000000, 0x00000000c4e80000, 0x00000000eab00000)
  object space 80384K, 74% used [0x00000000c0000000,0x00000000c3aae298,0x00000000c4e80000)
 Metaspace       used 95118K, committed 96384K, reserved 1179648K
  class space    used 9772K, committed 10304K, reserved 1048576K
}
Event: 2674.428 GC heap after
{Heap after GC invocations=3366 (full 109):
 PSYoungGen      total 3584K, used 1600K [0x00000000eab00000, 0x00000000eb080000, 0x0000000100000000)
  eden space 1536K, 0% used [0x00000000eab00000,0x00000000eab00000,0x00000000eac80000)
  from space 2048K, 78% used [0x00000000eac80000,0x00000000eae10000,0x00000000eae80000)
  to   space 2048K, 0% used [0x00000000eae80000,0x00000000eae80000,0x00000000eb080000)
 ParOldGen       total 80384K, used 60088K [0x00000000c0000000, 0x00000000c4e80000, 0x00000000eab00000)
  object space 80384K, 74% used [0x00000000c0000000,0x00000000c3aae298,0x00000000c4e80000)
 Metaspace       used 95118K, committed 96384K, reserved 1179648K
  class space    used 9772K, committed 10304K, reserved 1048576K
}
Event: 2674.431 GC heap before
{Heap before GC invocations=3367 (full 109):
 PSYoungGen      total 3584K, used 3135K [0x00000000eab00000, 0x00000000eb080000, 0x0000000100000000)
  eden space 1536K, 99% used [0x00000000eab00000,0x00000000eac7ffe0,0x00000000eac80000)
  from space 2048K, 78% used [0x00000000eac80000,0x00000000eae10000,0x00000000eae80000)
  to   space 2048K, 0% used [0x00000000eae80000,0x00000000eae80000,0x00000000eb080000)
 ParOldGen       total 80384K, used 60088K [0x00000000c0000000, 0x00000000c4e80000, 0x00000000eab00000)
  object space 80384K, 74% used [0x00000000c0000000,0x00000000c3aae298,0x00000000c4e80000)
 Metaspace       used 95118K, committed 96384K, reserved 1179648K
  class space    used 9772K, committed 10304K, reserved 1048576K
}
Event: 2674.432 GC heap after
{Heap after GC invocations=3367 (full 109):
 PSYoungGen      total 3072K, used 1434K [0x00000000eab00000, 0x00000000eb000000, 0x0000000100000000)
  eden space 1536K, 0% used [0x00000000eab00000,0x00000000eab00000,0x00000000eac80000)
  from space 1536K, 93% used [0x00000000eae80000,0x00000000eafe69b0,0x00000000eb000000)
  to   space 1536K, 0% used [0x00000000ead00000,0x00000000ead00000,0x00000000eae80000)
 ParOldGen       total 80384K, used 61624K [0x00000000c0000000, 0x00000000c4e80000, 0x00000000eab00000)
  object space 80384K, 76% used [0x00000000c0000000,0x00000000c3c2e298,0x00000000c4e80000)
 Metaspace       used 95118K, committed 96384K, reserved 1179648K
  class space    used 9772K, committed 10304K, reserved 1048576K
}
Event: 2674.437 GC heap before
{Heap before GC invocations=3368 (full 109):
 PSYoungGen      total 3072K, used 2970K [0x00000000eab00000, 0x00000000eb000000, 0x0000000100000000)
  eden space 1536K, 100% used [0x00000000eab00000,0x00000000eac80000,0x00000000eac80000)
  from space 1536K, 93% used [0x00000000eae80000,0x00000000eafe69b0,0x00000000eb000000)
  to   space 1536K, 0% used [0x00000000ead00000,0x00000000ead00000,0x00000000eae80000)
 ParOldGen       total 80384K, used 61624K [0x00000000c0000000, 0x00000000c4e80000, 0x00000000eab00000)
  object space 80384K, 76% used [0x00000000c0000000,0x00000000c3c2e298,0x00000000c4e80000)
 Metaspace       used 95118K, committed 96384K, reserved 1179648K
  class space    used 9772K, committed 10304K, reserved 1048576K
}
Event: 2674.440 GC heap after
{Heap after GC invocations=3368 (full 109):
 PSYoungGen      total 3584K, used 1536K [0x00000000eab00000, 0x00000000eb100000, 0x0000000100000000)
  eden space 2048K, 0% used [0x00000000eab00000,0x00000000eab00000,0x00000000ead00000)
  from space 1536K, 100% used [0x00000000ead00000,0x00000000eae80000,0x00000000eae80000)
  to   space 2048K, 0% used [0x00000000eaf00000,0x00000000eaf00000,0x00000000eb100000)
 ParOldGen       total 80384K, used 63011K [0x00000000c0000000, 0x00000000c4e80000, 0x00000000eab00000)
  object space 80384K, 78% used [0x00000000c0000000,0x00000000c3d88c48,0x00000000c4e80000)
 Metaspace       used 95118K, committed 96384K, reserved 1179648K
  class space    used 9772K, committed 10304K, reserved 1048576K
}
Event: 2674.445 GC heap before
{Heap before GC invocations=3369 (full 109):
 PSYoungGen      total 3584K, used 3584K [0x00000000eab00000, 0x00000000eb100000, 0x0000000100000000)
  eden space 2048K, 100% used [0x00000000eab00000,0x00000000ead00000,0x00000000ead00000)
  from space 1536K, 100% used [0x00000000ead00000,0x00000000eae80000,0x00000000eae80000)
  to   space 2048K, 0% used [0x00000000eaf00000,0x00000000eaf00000,0x00000000eb100000)
 ParOldGen       total 80384K, used 63011K [0x00000000c0000000, 0x00000000c4e80000, 0x00000000eab00000)
  object space 80384K, 78% used [0x00000000c0000000,0x00000000c3d88c48,0x00000000c4e80000)
 Metaspace       used 95118K, committed 96384K, reserved 1179648K
  class space    used 9772K, committed 10304K, reserved 1048576K
}
Event: 2674.448 GC heap after
{Heap after GC invocations=3369 (full 109):
 PSYoungGen      total 2560K, used 2048K [0x00000000eab00000, 0x00000000eb580000, 0x0000000100000000)
  eden space 512K, 0% used [0x00000000eab00000,0x00000000eab00000,0x00000000eab80000)
  from space 2048K, 100% used [0x00000000eaf00000,0x00000000eb100000,0x00000000eb100000)
  to   space 3584K, 0% used [0x00000000eab80000,0x00000000eab80000,0x00000000eaf00000)
 ParOldGen       total 80384K, used 64531K [0x00000000c0000000, 0x00000000c4e80000, 0x00000000eab00000)
  object space 80384K, 80% used [0x00000000c0000000,0x00000000c3f04c48,0x00000000c4e80000)
 Metaspace       used 95118K, committed 96384K, reserved 1179648K
  class space    used 9772K, committed 10304K, reserved 1048576K
}
Event: 2674.450 GC heap before
{Heap before GC invocations=3370 (full 109):
 PSYoungGen      total 2560K, used 2559K [0x00000000eab00000, 0x00000000eb580000, 0x0000000100000000)
  eden space 512K, 99% used [0x00000000eab00000,0x00000000eab7ff88,0x00000000eab80000)
  from space 2048K, 100% used [0x00000000eaf00000,0x00000000eb100000,0x00000000eb100000)
  to   space 3584K, 0% used [0x00000000eab80000,0x00000000eab80000,0x00000000eaf00000)
 ParOldGen       total 80384K, used 64531K [0x00000000c0000000, 0x00000000c4e80000, 0x00000000eab00000)
  object space 80384K, 80% used [0x00000000c0000000,0x00000000c3f04c48,0x00000000c4e80000)
 Metaspace       used 95118K, committed 96384K, reserved 1179648K
  class space    used 9772K, committed 10304K, reserved 1048576K
}
Event: 2674.452 GC heap after
{Heap after GC invocations=3370 (full 109):
 PSYoungGen      total 1536K, used 608K [0x00000000eab00000, 0x00000000eb000000, 0x0000000100000000)
  eden space 512K, 0% used [0x00000000eab00000,0x00000000eab00000,0x00000000eab80000)
  from space 1024K, 59% used [0x00000000eab80000,0x00000000eac18000,0x00000000eac80000)
  to   space 2048K, 0% used [0x00000000eae00000,0x00000000eae00000,0x00000000eb000000)
 ParOldGen       total 80384K, used 66547K [0x00000000c0000000, 0x00000000c4e80000, 0x00000000eab00000)
  object space 80384K, 82% used [0x00000000c0000000,0x00000000c40fcc48,0x00000000c4e80000)
 Metaspace       used 95118K, committed 96384K, reserved 1179648K
  class space    used 9772K, committed 10304K, reserved 1048576K
}
Event: 2674.455 GC heap before
{Heap before GC invocations=3371 (full 109):
 PSYoungGen      total 1536K, used 1120K [0x00000000eab00000, 0x00000000eb000000, 0x0000000100000000)
  eden space 512K, 100% used [0x00000000eab00000,0x00000000eab80000,0x00000000eab80000)
  from space 1024K, 59% used [0x00000000eab80000,0x00000000eac18000,0x00000000eac80000)
  to   space 2048K, 0% used [0x00000000eae00000,0x00000000eae00000,0x00000000eb000000)
 ParOldGen       total 80384K, used 66547K [0x00000000c0000000, 0x00000000c4e80000, 0x00000000eab00000)
  object space 80384K, 82% used [0x00000000c0000000,0x00000000c40fcc48,0x00000000c4e80000)
 Metaspace       used 95118K, committed 96384K, reserved 1179648K
  class space    used 9772K, committed 10304K, reserved 1048576K
}
Event: 2674.456 GC heap after
{Heap after GC invocations=3371 (full 109):
 PSYoungGen      total 2048K, used 576K [0x00000000eab00000, 0x00000000eaf00000, 0x0000000100000000)
  eden space 1024K, 0% used [0x00000000eab00000,0x00000000eab00000,0x00000000eac00000)
  from space 1024K, 56% used [0x00000000eae00000,0x00000000eae90000,0x00000000eaf00000)
  to   space 1024K, 0% used [0x00000000ead00000,0x00000000ead00000,0x00000000eae00000)
 ParOldGen       total 80384K, used 67051K [0x00000000c0000000, 0x00000000c4e80000, 0x00000000eab00000)
  object space 80384K, 83% used [0x00000000c0000000,0x00000000c417ac48,0x00000000c4e80000)
 Metaspace       used 95118K, committed 96384K, reserved 1179648K
  class space    used 9772K, committed 10304K, reserved 1048576K
}
Event: 2674.460 GC heap before
{Heap before GC invocations=3372 (full 109):
 PSYoungGen      total 2048K, used 1599K [0x00000000eab00000, 0x00000000eaf00000, 0x0000000100000000)
  eden space 1024K, 99% used [0x00000000eab00000,0x00000000eabffeb8,0x00000000eac00000)
  from space 1024K, 56% used [0x00000000eae00000,0x00000000eae90000,0x00000000eaf00000)
  to   space 1024K, 0% used [0x00000000ead00000,0x00000000ead00000,0x00000000eae00000)
 ParOldGen       total 80384K, used 67051K [0x00000000c0000000, 0x00000000c4e80000, 0x00000000eab00000)
  object space 80384K, 83% used [0x00000000c0000000,0x00000000c417ac48,0x00000000c4e80000)
 Metaspace       used 95118K, committed 96384K, reserved 1179648K
  class space    used 9772K, committed 10304K, reserved 1048576K
}
Event: 2674.461 GC heap after
{Heap after GC invocations=3372 (full 109):
 PSYoungGen      total 2560K, used 768K [0x00000000eab00000, 0x00000000eae80000, 0x0000000100000000)
  eden space 1536K, 0% used [0x00000000eab00000,0x00000000eab00000,0x00000000eac80000)
  from space 1024K, 75% used [0x00000000ead00000,0x00000000eadc0000,0x00000000eae00000)
  to   space 512K, 0% used [0x00000000eae00000,0x00000000eae00000,0x00000000eae80000)
 ParOldGen       total 80384K, used 67563K [0x00000000c0000000, 0x00000000c4e80000, 0x00000000eab00000)
  object space 80384K, 84% used [0x00000000c0000000,0x00000000c41fac48,0x00000000c4e80000)
 Metaspace       used 95118K, committed 96384K, reserved 1179648K
  class space    used 9772K, committed 10304K, reserved 1048576K
}
Event: 2674.464 GC heap before
{Heap before GC invocations=3373 (full 109):
 PSYoungGen      total 2560K, used 2304K [0x00000000eab00000, 0x00000000eae80000, 0x0000000100000000)
  eden space 1536K, 100% used [0x00000000eab00000,0x00000000eac80000,0x00000000eac80000)
  from space 1024K, 75% used [0x00000000ead00000,0x00000000eadc0000,0x00000000eae00000)
  to   space 512K, 0% used [0x00000000eae00000,0x00000000eae00000,0x00000000eae80000)
 ParOldGen       total 80384K, used 67563K [0x00000000c0000000, 0x00000000c4e80000, 0x00000000eab00000)
  object space 80384K, 84% used [0x00000000c0000000,0x00000000c41fac48,0x00000000c4e80000)
 Metaspace       used 95118K, committed 96384K, reserved 1179648K
  class space    used 9772K, committed 10304K, reserved 1048576K
}
Event: 2674.465 GC heap after
{Heap after GC invocations=3373 (full 109):
 PSYoungGen      total 2048K, used 512K [0x00000000eab00000, 0x00000000eb000000, 0x0000000100000000)
  eden space 1536K, 0% used [0x00000000eab00000,0x00000000eab00000,0x00000000eac80000)
  from space 512K, 100% used [0x00000000eae00000,0x00000000eae80000,0x00000000eae80000)
  to   space 1536K, 0% used [0x00000000eac80000,0x00000000eac80000,0x00000000eae00000)
 ParOldGen       total 80384K, used 68253K [0x00000000c0000000, 0x00000000c4e80000, 0x00000000eab00000)
  object space 80384K, 84% used [0x00000000c0000000,0x00000000c42a7548,0x00000000c4e80000)
 Metaspace       used 95118K, committed 96384K, reserved 1179648K
  class space    used 9772K, committed 10304K, reserved 1048576K
}

