# JRE version: OpenJDK Runtime Environment Temurin-17.0.11+9 (17.0.11+9) (build 17.0.11+9)
# Java VM: OpenJDK 64-Bit Server VM Temurin-17.0.11+9 (17.0.11+9, mixed mode, tiered, compressed oops, compressed class ptrs, parallel gc, windows-amd64)
GC Precious Log:
 CPUs: 8 total, 8 available
 Memory: 8083M
 Large Page Support: Disabled
 NUMA Support: Disabled
 Compressed Oops: Enabled (32-bit)
 Alignments: Space 512K, Generation 512K, Heap 2M
 Heap Min Capacity: 100M
 Heap Initial Capacity: 100M
 Heap Max Capacity: 1G
 Pre-touch: Disabled
 Parallel Workers: 8
Heap:
 PSYoungGen      total 4096K, used 1632K [0x00000000eab00000, 0x00000000eb200000, 0x0000000100000000)
  eden space 2048K, 0% used [0x00000000eab00000,0x00000000eab00000,0x00000000ead00000)
  from space 2048K, 79% used [0x00000000eb000000,0x00000000eb198000,0x00000000eb200000)
  to   space 2560K, 0% used [0x00000000ead00000,0x00000000ead00000,0x00000000eaf80000)
 ParOldGen       total 93696K, used 92483K [0x00000000c0000000, 0x00000000c5b80000, 0x00000000eab00000)
  object space 93696K, 98% used [0x00000000c0000000,0x00000000c5a50f58,0x00000000c5b80000)
 Metaspace       used 99222K, committed 100544K, reserved 1179648K
  class space    used 10112K, committed 10752K, reserved 1048576K
GC Heap History (20 events):
Event: 1371.171 GC heap after
{Heap after GC invocations=3924 (full 106):
 PSYoungGen      total 3072K, used 192K [0x00000000eab00000, 0x00000000eaf80000, 0x0000000100000000)
  eden space 2560K, 0% used [0x00000000eab00000,0x00000000eab00000,0x00000000ead80000)
  from space 512K, 37% used [0x00000000eae80000,0x00000000eaeb0000,0x00000000eaf00000)
  to   space 512K, 0% used [0x00000000eaf00000,0x00000000eaf00000,0x00000000eaf80000)
 ParOldGen       total 93696K, used 84431K [0x00000000c0000000, 0x00000000c5b80000, 0x00000000eab00000)
  object space 93696K, 90% used [0x00000000c0000000,0x00000000c5273e90,0x00000000c5b80000)
 Metaspace       used 99221K, committed 100544K, reserved 1179648K
  class space    used 10112K, committed 10752K, reserved 1048576K
}
Event: 1371.473 GC heap before
{Heap before GC invocations=3925 (full 106):
 PSYoungGen      total 3072K, used 2752K [0x00000000eab00000, 0x00000000eaf80000, 0x0000000100000000)
  eden space 2560K, 100% used [0x00000000eab00000,0x00000000ead80000,0x00000000ead80000)
  from space 512K, 37% used [0x00000000eae80000,0x00000000eaeb0000,0x00000000eaf00000)
  to   space 512K, 0% used [0x00000000eaf00000,0x00000000eaf00000,0x00000000eaf80000)
 ParOldGen       total 93696K, used 84431K [0x00000000c0000000, 0x00000000c5b80000, 0x00000000eab00000)
  object space 93696K, 90% used [0x00000000c0000000,0x00000000c5273e90,0x00000000c5b80000)
 Metaspace       used 99221K, committed 100544K, reserved 1179648K
  class space    used 10112K, committed 10752K, reserved 1048576K
}
Event: 1371.474 GC heap after
{Heap after GC invocations=3925 (full 106):
 PSYoungGen      total 3072K, used 480K [0x00000000eab00000, 0x00000000eaf80000, 0x0000000100000000)
  eden space 2560K, 0% used [0x00000000eab00000,0x00000000eab00000,0x00000000ead80000)
  from space 512K, 93% used [0x00000000eaf00000,0x00000000eaf78020,0x00000000eaf80000)
  to   space 1024K, 0% used [0x00000000ead80000,0x00000000ead80000,0x00000000eae80000)
 ParOldGen       total 93696K, used 84711K [0x00000000c0000000, 0x00000000c5b80000, 0x00000000eab00000)
  object space 93696K, 90% used [0x00000000c0000000,0x00000000c52b9eb0,0x00000000c5b80000)
 Metaspace       used 99221K, committed 100544K, reserved 1179648K
  class space    used 10112K, committed 10752K, reserved 1048576K
}
Event: 1371.572 GC heap before
{Heap before GC invocations=3926 (full 106):
 PSYoungGen      total 3072K, used 3040K [0x00000000eab00000, 0x00000000eaf80000, 0x0000000100000000)
  eden space 2560K, 99% used [0x00000000eab00000,0x00000000ead7fff8,0x00000000ead80000)
  from space 512K, 93% used [0x00000000eaf00000,0x00000000eaf78020,0x00000000eaf80000)
  to   space 1024K, 0% used [0x00000000ead80000,0x00000000ead80000,0x00000000eae80000)
 ParOldGen       total 93696K, used 84711K [0x00000000c0000000, 0x00000000c5b80000, 0x00000000eab00000)
  object space 93696K, 90% used [0x00000000c0000000,0x00000000c52b9eb0,0x00000000c5b80000)
 Metaspace       used 99222K, committed 100544K, reserved 1179648K
  class space    used 10112K, committed 10752K, reserved 1048576K
}
Event: 1371.573 GC heap after
{Heap after GC invocations=3926 (full 106):
 PSYoungGen      total 3584K, used 768K [0x00000000eab00000, 0x00000000eaf80000, 0x0000000100000000)
  eden space 2560K, 0% used [0x00000000eab00000,0x00000000eab00000,0x00000000ead80000)
  from space 1024K, 75% used [0x00000000ead80000,0x00000000eae40020,0x00000000eae80000)
  to   space 1024K, 0% used [0x00000000eae80000,0x00000000eae80000,0x00000000eaf80000)
 ParOldGen       total 93696K, used 85185K [0x00000000c0000000, 0x00000000c5b80000, 0x00000000eab00000)
  object space 93696K, 90% used [0x00000000c0000000,0x00000000c53307d0,0x00000000c5b80000)
 Metaspace       used 99222K, committed 100544K, reserved 1179648K
  class space    used 10112K, committed 10752K, reserved 1048576K
}
Event: 1371.579 GC heap before
{Heap before GC invocations=3927 (full 106):
 PSYoungGen      total 3584K, used 3327K [0x00000000eab00000, 0x00000000eaf80000, 0x0000000100000000)
  eden space 2560K, 99% used [0x00000000eab00000,0x00000000ead7ff88,0x00000000ead80000)
  from space 1024K, 75% used [0x00000000ead80000,0x00000000eae40020,0x00000000eae80000)
  to   space 1024K, 0% used [0x00000000eae80000,0x00000000eae80000,0x00000000eaf80000)
 ParOldGen       total 93696K, used 85185K [0x00000000c0000000, 0x00000000c5b80000, 0x00000000eab00000)
  object space 93696K, 90% used [0x00000000c0000000,0x00000000c53307d0,0x00000000c5b80000)
 Metaspace       used 99222K, committed 100544K, reserved 1179648K
  class space    used 10112K, committed 10752K, reserved 1048576K
}
Event: 1371.581 GC heap after
{Heap after GC invocations=3927 (full 106):
 PSYoungGen      total 1536K, used 998K [0x00000000eab00000, 0x00000000eb380000, 0x0000000100000000)
  eden space 512K, 0% used [0x00000000eab00000,0x00000000eab00000,0x00000000eab80000)
  from space 1024K, 97% used [0x00000000eae80000,0x00000000eaf79a10,0x00000000eaf80000)
  to   space 3072K, 0% used [0x00000000eab80000,0x00000000eab80000,0x00000000eae80000)
 ParOldGen       total 93696K, used 86784K [0x00000000c0000000, 0x00000000c5b80000, 0x00000000eab00000)
  object space 93696K, 92% used [0x00000000c0000000,0x00000000c54c0298,0x00000000c5b80000)
 Metaspace       used 99222K, committed 100544K, reserved 1179648K
  class space    used 10112K, committed 10752K, reserved 1048576K
}
Event: 1371.582 GC heap before
{Heap before GC invocations=3928 (full 106):
 PSYoungGen      total 1536K, used 1510K [0x00000000eab00000, 0x00000000eb380000, 0x0000000100000000)
  eden space 512K, 99% used [0x00000000eab00000,0x00000000eab7ffc0,0x00000000eab80000)
  from space 1024K, 97% used [0x00000000eae80000,0x00000000eaf79a10,0x00000000eaf80000)
  to   space 3072K, 0% used [0x00000000eab80000,0x00000000eab80000,0x00000000eae80000)
 ParOldGen       total 93696K, used 86784K [0x00000000c0000000, 0x00000000c5b80000, 0x00000000eab00000)
  object space 93696K, 92% used [0x00000000c0000000,0x00000000c54c0298,0x00000000c5b80000)
 Metaspace       used 99222K, committed 100544K, reserved 1179648K
  class space    used 10112K, committed 10752K, reserved 1048576K
}
Event: 1371.583 GC heap after
{Heap after GC invocations=3928 (full 106):
 PSYoungGen      total 1024K, used 512K [0x00000000eab00000, 0x00000000eaf00000, 0x0000000100000000)
  eden space 512K, 0% used [0x00000000eab00000,0x00000000eab00000,0x00000000eab80000)
  from space 512K, 100% used [0x00000000eab80000,0x00000000eac00000,0x00000000eac00000)
  to   space 1536K, 0% used [0x00000000ead80000,0x00000000ead80000,0x00000000eaf00000)
 ParOldGen       total 93696K, used 87817K [0x00000000c0000000, 0x00000000c5b80000, 0x00000000eab00000)
  object space 93696K, 93% used [0x00000000c0000000,0x00000000c55c25a8,0x00000000c5b80000)
 Metaspace       used 99222K, committed 100544K, reserved 1179648K
  class space    used 10112K, committed 10752K, reserved 1048576K
}
Event: 1371.584 GC heap before
{Heap before GC invocations=3929 (full 106):
 PSYoungGen      total 1024K, used 1024K [0x00000000eab00000, 0x00000000eaf00000, 0x0000000100000000)
  eden space 512K, 100% used [0x00000000eab00000,0x00000000eab80000,0x00000000eab80000)
  from space 512K, 100% used [0x00000000eab80000,0x00000000eac00000,0x00000000eac00000)
  to   space 1536K, 0% used [0x00000000ead80000,0x00000000ead80000,0x00000000eaf00000)
 ParOldGen       total 93696K, used 87817K [0x00000000c0000000, 0x00000000c5b80000, 0x00000000eab00000)
  object space 93696K, 93% used [0x00000000c0000000,0x00000000c55c25a8,0x00000000c5b80000)
 Metaspace       used 99222K, committed 100544K, reserved 1179648K
  class space    used 10112K, committed 10752K, reserved 1048576K
}
Event: 1371.586 GC heap after
{Heap after GC invocations=3929 (full 106):
 PSYoungGen      total 2048K, used 608K [0x00000000eab00000, 0x00000000eae80000, 0x0000000100000000)
  eden space 1024K, 0% used [0x00000000eab00000,0x00000000eab00000,0x00000000eac00000)
  from space 1024K, 59% used [0x00000000ead80000,0x00000000eae18000,0x00000000eae80000)
  to   space 1024K, 0% used [0x00000000eac80000,0x00000000eac80000,0x00000000ead80000)
 ParOldGen       total 93696K, used 88281K [0x00000000c0000000, 0x00000000c5b80000, 0x00000000eab00000)
  object space 93696K, 94% used [0x00000000c0000000,0x00000000c56365a8,0x00000000c5b80000)
 Metaspace       used 99222K, committed 100544K, reserved 1179648K
  class space    used 10112K, committed 10752K, reserved 1048576K
}
Event: 1371.590 GC heap before
{Heap before GC invocations=3930 (full 106):
 PSYoungGen      total 2048K, used 1620K [0x00000000eab00000, 0x00000000eae80000, 0x0000000100000000)
  eden space 1024K, 98% used [0x00000000eab00000,0x00000000eabfd3e8,0x00000000eac00000)
  from space 1024K, 59% used [0x00000000ead80000,0x00000000eae18000,0x00000000eae80000)
  to   space 1024K, 0% used [0x00000000eac80000,0x00000000eac80000,0x00000000ead80000)
 ParOldGen       total 93696K, used 88281K [0x00000000c0000000, 0x00000000c5b80000, 0x00000000eab00000)
  object space 93696K, 94% used [0x00000000c0000000,0x00000000c56365a8,0x00000000c5b80000)
 Metaspace       used 99222K, committed 100544K, reserved 1179648K
  class space    used 10112K, committed 10752K, reserved 1048576K
}
Event: 1371.591 GC heap after
{Heap after GC invocations=3930 (full 106):
 PSYoungGen      total 2560K, used 1024K [0x00000000eab00000, 0x00000000eaf80000, 0x0000000100000000)
  eden space 1536K, 0% used [0x00000000eab00000,0x00000000eab00000,0x00000000eac80000)
  from space 1024K, 100% used [0x00000000eac80000,0x00000000ead80000,0x00000000ead80000)
  to   space 1536K, 0% used [0x00000000eae00000,0x00000000eae00000,0x00000000eaf80000)
 ParOldGen       total 93696K, used 88769K [0x00000000c0000000, 0x00000000c5b80000, 0x00000000eab00000)
  object space 93696K, 94% used [0x00000000c0000000,0x00000000c56b05a8,0x00000000c5b80000)
 Metaspace       used 99222K, committed 100544K, reserved 1179648K
  class space    used 10112K, committed 10752K, reserved 1048576K
}
Event: 1371.594 GC heap before
{Heap before GC invocations=3931 (full 106):
 PSYoungGen      total 2560K, used 2559K [0x00000000eab00000, 0x00000000eaf80000, 0x0000000100000000)
  eden space 1536K, 99% used [0x00000000eab00000,0x00000000eac7ff70,0x00000000eac80000)
  from space 1024K, 100% used [0x00000000eac80000,0x00000000ead80000,0x00000000ead80000)
  to   space 1536K, 0% used [0x00000000eae00000,0x00000000eae00000,0x00000000eaf80000)
 ParOldGen       total 93696K, used 88769K [0x00000000c0000000, 0x00000000c5b80000, 0x00000000eab00000)
  object space 93696K, 94% used [0x00000000c0000000,0x00000000c56b05a8,0x00000000c5b80000)
 Metaspace       used 99222K, committed 100544K, reserved 1179648K
  class space    used 10112K, committed 10752K, reserved 1048576K
}
Event: 1371.595 GC heap after
{Heap after GC invocations=3931 (full 106):
 PSYoungGen      total 3072K, used 1338K [0x00000000eab00000, 0x00000000eb000000, 0x0000000100000000)
  eden space 1536K, 0% used [0x00000000eab00000,0x00000000eab00000,0x00000000eac80000)
  from space 1536K, 87% used [0x00000000eae00000,0x00000000eaf4e9b0,0x00000000eaf80000)
  to   space 1536K, 0% used [0x00000000eac80000,0x00000000eac80000,0x00000000eae00000)
 ParOldGen       total 93696K, used 89729K [0x00000000c0000000, 0x00000000c5b80000, 0x00000000eab00000)
  object space 93696K, 95% used [0x00000000c0000000,0x00000000c57a05a8,0x00000000c5b80000)
 Metaspace       used 99222K, committed 100544K, reserved 1179648K
  class space    used 10112K, committed 10752K, reserved 1048576K
}
Event: 1371.600 GC heap before
{Heap before GC invocations=3932 (full 106):
 PSYoungGen      total 3072K, used 2874K [0x00000000eab00000, 0x00000000eb000000, 0x0000000100000000)
  eden space 1536K, 100% used [0x00000000eab00000,0x00000000eac80000,0x00000000eac80000)
  from space 1536K, 87% used [0x00000000eae00000,0x00000000eaf4e9b0,0x00000000eaf80000)
  to   space 1536K, 0% used [0x00000000eac80000,0x00000000eac80000,0x00000000eae00000)
 ParOldGen       total 93696K, used 89729K [0x00000000c0000000, 0x00000000c5b80000, 0x00000000eab00000)
  object space 93696K, 95% used [0x00000000c0000000,0x00000000c57a05a8,0x00000000c5b80000)
 Metaspace       used 99222K, committed 100544K, reserved 1179648K
  class space    used 10112K, committed 10752K, reserved 1048576K
}
Event: 1371.601 GC heap after
{Heap after GC invocations=3932 (full 106):
 PSYoungGen      total 3072K, used 1536K [0x00000000eab00000, 0x00000000eb300000, 0x0000000100000000)
  eden space 1536K, 0% used [0x00000000eab00000,0x00000000eab00000,0x00000000eac80000)
  from space 1536K, 100% used [0x00000000eac80000,0x00000000eae00000,0x00000000eae00000)
  to   space 3072K, 0% used [0x00000000eb000000,0x00000000eb000000,0x00000000eb300000)
 ParOldGen       total 93696K, used 90995K [0x00000000c0000000, 0x00000000c5b80000, 0x00000000eab00000)
  object space 93696K, 97% used [0x00000000c0000000,0x00000000c58dcf58,0x00000000c5b80000)
 Metaspace       used 99222K, committed 100544K, reserved 1179648K
  class space    used 10112K, committed 10752K, reserved 1048576K
}
Event: 1371.605 GC heap before
{Heap before GC invocations=3933 (full 106):
 PSYoungGen      total 3072K, used 3071K [0x00000000eab00000, 0x00000000eb300000, 0x0000000100000000)
  eden space 1536K, 99% used [0x00000000eab00000,0x00000000eac7ff28,0x00000000eac80000)
  from space 1536K, 100% used [0x00000000eac80000,0x00000000eae00000,0x00000000eae00000)
  to   space 3072K, 0% used [0x00000000eb000000,0x00000000eb000000,0x00000000eb300000)
 ParOldGen       total 93696K, used 90995K [0x00000000c0000000, 0x00000000c5b80000, 0x00000000eab00000)
  object space 93696K, 97% used [0x00000000c0000000,0x00000000c58dcf58,0x00000000c5b80000)
 Metaspace       used 99222K, committed 100544K, reserved 1179648K
  class space    used 10112K, committed 10752K, reserved 1048576K
}
Event: 1371.607 GC heap after
{Heap after GC invocations=3933 (full 106):
 PSYoungGen      total 4096K, used 1632K [0x00000000eab00000, 0x00000000eb200000, 0x0000000100000000)
  eden space 2048K, 0% used [0x00000000eab00000,0x00000000eab00000,0x00000000ead00000)
  from space 2048K, 79% used [0x00000000eb000000,0x00000000eb198000,0x00000000eb200000)
  to   space 2560K, 0% used [0x00000000ead00000,0x00000000ead00000,0x00000000eaf80000)
 ParOldGen       total 93696K, used 92483K [0x00000000c0000000, 0x00000000c5b80000, 0x00000000eab00000)
  object space 93696K, 98% used [0x00000000c0000000,0x00000000c5a50f58,0x00000000c5b80000)
 Metaspace       used 99222K, committed 100544K, reserved 1179648K
  class space    used 10112K, committed 10752K, reserved 1048576K
}
Event: 1371.607 GC heap before
{Heap before GC invocations=3934 (full 107):
 PSYoungGen      total 4096K, used 1632K [0x00000000eab00000, 0x00000000eb200000, 0x0000000100000000)
  eden space 2048K, 0% used [0x00000000eab00000,0x00000000eab00000,0x00000000ead00000)
  from space 2048K, 79% used [0x00000000eb000000,0x00000000eb198000,0x00000000eb200000)
  to   space 2560K, 0% used [0x00000000ead00000,0x00000000ead00000,0x00000000eaf80000)
 ParOldGen       total 93696K, used 92483K [0x00000000c0000000, 0x00000000c5b80000, 0x00000000eab00000)
  object space 93696K, 98% used [0x00000000c0000000,0x00000000c5a50f58,0x00000000c5b80000)
 Metaspace       used 99222K, committed 100544K, reserved 1179648K
  class space    used 10112K, committed 10752K, reserved 1048576K
}

